<?xml version="1.0" encoding="UTF-8"?>
<!-- Generated by org.testng.reporters.JUnitReportReporter -->
<testsuite hostname="LT005461" name="nl.naturalis.selenium.crs.tests.ProtoTest" tests="12" failures="0" timestamp="9 Dec 2016 14:12:32 GMT" time="15.262" errors="0">
  <testcase name="homePageOpen" time="0.025" classname="nl.naturalis.selenium.crs.tests.ProtoTest"/>
  <testcase name="checkEnterStorageUnits" time="3.519" classname="nl.naturalis.selenium.crs.tests.ProtoTest"/>
  <testcase name="smallDelay" time="2.431" classname="nl.naturalis.selenium.crs.tests.ProtoTest"/>
  <testcase name="openFormSelect" time="0.316" classname="nl.naturalis.selenium.crs.tests.ProtoTest"/>
  <testcase name="checkAutosuggestStorageUnit" time="0.514" classname="nl.naturalis.selenium.crs.tests.ProtoTest"/>
  <testcase name="selectSpecifiedForm" time="0.278" classname="nl.naturalis.selenium.crs.tests.ProtoTest"/>
  <testcase name="checkIllegalValuesStorageLocations" time="1.882" classname="nl.naturalis.selenium.crs.tests.ProtoTest"/>
  <testcase name="startPageTitle" time="0.019" classname="nl.naturalis.selenium.crs.tests.ProtoTest"/>
  <testcase name="detailPageOpen" time="0.035" classname="nl.naturalis.selenium.crs.tests.ProtoTest"/>
  <testcase name="homePageDoLogin" time="1.188" classname="nl.naturalis.selenium.crs.tests.ProtoTest"/>
  <testcase name="checkIllegalValuesStorageUnit" time="2.317" classname="nl.naturalis.selenium.crs.tests.ProtoTest"/>
  <testcase name="clickAddSpecimen" time="2.738" classname="nl.naturalis.selenium.crs.tests.ProtoTest"/>
</testsuite> <!-- nl.naturalis.selenium.crs.tests.ProtoTest -->
