<?xml version="1.0" encoding="UTF-8"?>
<!-- Generated by org.testng.reporters.JUnitReportReporter -->
<testsuite hostname="LT005461" name="nl.naturalis.selenium.crs.tests.ProtoTest" tests="8" failures="1" timestamp="2 Dec 2016 15:30:20 GMT" time="6.044" errors="0">
  <testcase name="detailPageOpen" time="0.056" classname="nl.naturalis.selenium.crs.tests.ProtoTest"/>
  <testcase name="homePageOpen" time="0.029" classname="nl.naturalis.selenium.crs.tests.ProtoTest"/>
  <testcase name="checkRegistrationNumber" time="1.248" classname="nl.naturalis.selenium.crs.tests.ProtoTest">
    <failure type="org.openqa.selenium.WebDriverException" message="unknown error: Runtime.evaluate threw exception: Error: element is not attached to the page document
    at Cache.retrieveItem (&lt;anonymous&gt;:77:17)
    at unwrap (&lt;anonymous&gt;:189:20)
    at unwrap (&lt;anonymous&gt;:193:19)
    at callFunction (&lt;anonymous&gt;:233:29)
    at apply.ELEMENT (&lt;anonymous&gt;:247:23)
    at &lt;anonymous&gt;:248:3
  (Session info: chrome=54.0.2840.100)
  (Driver info: chromedriver=2.24.417424 (c5c5ea873213ee72e3d0929b47482681555340c3),platform=Linux 4.4.0-51-generic x86_64) (WARNING: The server did not provide any stacktrace information)
Command duration or timeout: 38 milliseconds
Build info: version: &#039;2.53.1&#039;, revision: &#039;a36b8b1cd5757287168e54b817830adce9b0158d&#039;, time: &#039;2016-06-30 19:26:09&#039;
System info: host: &#039;LT005461&#039;, ip: &#039;127.0.1.1&#039;, os.name: &#039;Linux&#039;, os.arch: &#039;amd64&#039;, os.version: &#039;4.4.0-51-generic&#039;, java.version: &#039;1.8.0_111&#039;
Driver info: org.openqa.selenium.chrome.ChromeDriver
Capabilities [{applicationCacheEnabled=false, rotatable=false, mobileEmulationEnabled=false, networkConnectionEnabled=false, chrome={chromedriverVersion=2.24.417424 (c5c5ea873213ee72e3d0929b47482681555340c3), userDataDir=/tmp/.org.chromium.Chromium.SlA7Uc}, takesHeapSnapshot=true, pageLoadStrategy=normal, databaseEnabled=false, handlesAlerts=true, hasTouchScreen=false, version=54.0.2840.100, platform=LINUX, browserConnectionEnabled=false, nativeEvents=true, acceptSslCerts=true, locationContextEnabled=true, webStorageEnabled=true, browserName=chrome, takesScreenshot=true, javascriptEnabled=true, cssSelectorsEnabled=true}]
Session ID: 75fda1261c7fe02c48cec5077e3f8d51">
      <![CDATA[org.openqa.selenium.WebDriverException: unknown error: Runtime.evaluate threw exception: Error: element is not attached to the page document
    at Cache.retrieveItem (<anonymous>:77:17)
    at unwrap (<anonymous>:189:20)
    at unwrap (<anonymous>:193:19)
    at callFunction (<anonymous>:233:29)
    at apply.ELEMENT (<anonymous>:247:23)
    at <anonymous>:248:3
  (Session info: chrome=54.0.2840.100)
  (Driver info: chromedriver=2.24.417424 (c5c5ea873213ee72e3d0929b47482681555340c3),platform=Linux 4.4.0-51-generic x86_64) (WARNING: The server did not provide any stacktrace information)
Command duration or timeout: 38 milliseconds
Build info: version: '2.53.1', revision: 'a36b8b1cd5757287168e54b817830adce9b0158d', time: '2016-06-30 19:26:09'
System info: host: 'LT005461', ip: '127.0.1.1', os.name: 'Linux', os.arch: 'amd64', os.version: '4.4.0-51-generic', java.version: '1.8.0_111'
Driver info: org.openqa.selenium.chrome.ChromeDriver
Capabilities [{applicationCacheEnabled=false, rotatable=false, mobileEmulationEnabled=false, networkConnectionEnabled=false, chrome={chromedriverVersion=2.24.417424 (c5c5ea873213ee72e3d0929b47482681555340c3), userDataDir=/tmp/.org.chromium.Chromium.SlA7Uc}, takesHeapSnapshot=true, pageLoadStrategy=normal, databaseEnabled=false, handlesAlerts=true, hasTouchScreen=false, version=54.0.2840.100, platform=LINUX, browserConnectionEnabled=false, nativeEvents=true, acceptSslCerts=true, locationContextEnabled=true, webStorageEnabled=true, browserName=chrome, takesScreenshot=true, javascriptEnabled=true, cssSelectorsEnabled=true}]
Session ID: 75fda1261c7fe02c48cec5077e3f8d51
	at sun.reflect.NativeConstructorAccessorImpl.newInstance0(Native Method)
	at sun.reflect.NativeConstructorAccessorImpl.newInstance(NativeConstructorAccessorImpl.java:62)
	at sun.reflect.DelegatingConstructorAccessorImpl.newInstance(DelegatingConstructorAccessorImpl.java:45)
	at java.lang.reflect.Constructor.newInstance(Constructor.java:423)
	at org.openqa.selenium.remote.ErrorHandler.createThrowable(ErrorHandler.java:206)
	at org.openqa.selenium.remote.ErrorHandler.throwIfResponseFailed(ErrorHandler.java:158)
	at org.openqa.selenium.remote.RemoteWebDriver.execute(RemoteWebDriver.java:678)
	at org.openqa.selenium.remote.RemoteWebDriver$RemoteTargetLocator.frame(RemoteWebDriver.java:1004)
	at org.openqa.selenium.remote.RemoteWebDriver$RemoteTargetLocator.frame(RemoteWebDriver.java:999)
	at nl.naturalis.selenium.crs.fragments.InputGroup.<init>(InputGroup.java:41)
	at nl.naturalis.selenium.crs.tests.ProtoTest.checkRegistrationNumber(ProtoTest.java:180)
	at sun.reflect.NativeMethodAccessorImpl.invoke0(Native Method)
	at sun.reflect.NativeMethodAccessorImpl.invoke(NativeMethodAccessorImpl.java:62)
	at sun.reflect.DelegatingMethodAccessorImpl.invoke(DelegatingMethodAccessorImpl.java:43)
	at java.lang.reflect.Method.invoke(Method.java:498)
	at org.testng.internal.MethodInvocationHelper.invokeMethod(MethodInvocationHelper.java:80)
	at org.testng.internal.Invoker.invokeMethod(Invoker.java:714)
	at org.testng.internal.Invoker.invokeTestMethod(Invoker.java:901)
	at org.testng.internal.Invoker.invokeTestMethods(Invoker.java:1231)
	at org.testng.internal.TestMethodWorker.invokeTestMethods(TestMethodWorker.java:127)
	at org.testng.internal.TestMethodWorker.run(TestMethodWorker.java:111)
	at org.testng.TestRunner.privateRun(TestRunner.java:767)
	at org.testng.TestRunner.run(TestRunner.java:617)
	at org.testng.SuiteRunner.runTest(SuiteRunner.java:334)
	at org.testng.SuiteRunner.runSequentially(SuiteRunner.java:329)
	at org.testng.SuiteRunner.privateRun(SuiteRunner.java:291)
	at org.testng.SuiteRunner.run(SuiteRunner.java:240)
	at org.testng.SuiteRunnerWorker.runSuite(SuiteRunnerWorker.java:52)
	at org.testng.SuiteRunnerWorker.run(SuiteRunnerWorker.java:86)
	at org.testng.TestNG.runSuitesSequentially(TestNG.java:1198)
	at org.testng.TestNG.runSuitesLocally(TestNG.java:1123)
	at org.testng.TestNG.run(TestNG.java:1031)
	at org.testng.remote.AbstractRemoteTestNG.run(AbstractRemoteTestNG.java:132)
	at org.testng.remote.RemoteTestNG.initAndRun(RemoteTestNG.java:236)
	at org.testng.remote.RemoteTestNG.main(RemoteTestNG.java:81)
]]>
    </failure>
  </testcase> <!-- checkRegistrationNumber -->
  <testcase name="startPageTitle" time="0.013" classname="nl.naturalis.selenium.crs.tests.ProtoTest"/>
  <testcase name="selectSpecifiedForm" time="0.288" classname="nl.naturalis.selenium.crs.tests.ProtoTest"/>
  <testcase name="homePageDoLogin" time="1.623" classname="nl.naturalis.selenium.crs.tests.ProtoTest"/>
  <testcase name="openFormSelect" time="0.260" classname="nl.naturalis.selenium.crs.tests.ProtoTest"/>
  <testcase name="clickAddSpecimen" time="2.527" classname="nl.naturalis.selenium.crs.tests.ProtoTest"/>
</testsuite> <!-- nl.naturalis.selenium.crs.tests.ProtoTest -->
