<?xml version="1.0" encoding="UTF-8"?>
<!-- Generated by org.testng.reporters.JUnitReportReporter -->
<testsuite hostname="LT005461" name="nl.naturalis.selenium.crs.tests.ProtoTest" tests="15" failures="0" timestamp="13 Dec 2016 07:51:59 GMT" time="23.665" errors="0">
  <testcase name="checkSelectButtonStorageLocations" time="0.547" classname="nl.naturalis.selenium.crs.tests.ProtoTest"/>
  <testcase name="startPageTitle" time="0.020" classname="nl.naturalis.selenium.crs.tests.ProtoTest"/>
  <testcase name="homePageDoLogin" time="1.125" classname="nl.naturalis.selenium.crs.tests.ProtoTest"/>
  <testcase name="openFormSelect" time="0.319" classname="nl.naturalis.selenium.crs.tests.ProtoTest"/>
  <testcase name="checkAutosuggestStorageLocations" time="0.655" classname="nl.naturalis.selenium.crs.tests.ProtoTest"/>
  <testcase name="checkIllegalValuesStorageLocations" time="1.894" classname="nl.naturalis.selenium.crs.tests.ProtoTest"/>
  <testcase name="detailPageOpen" time="0.047" classname="nl.naturalis.selenium.crs.tests.ProtoTest"/>
  <testcase name="checkIllegalValuesStorageUnit" time="2.123" classname="nl.naturalis.selenium.crs.tests.ProtoTest"/>
  <testcase name="homePageOpen" time="0.031" classname="nl.naturalis.selenium.crs.tests.ProtoTest"/>
  <testcase name="checkEnterStorageUnits" time="3.958" classname="nl.naturalis.selenium.crs.tests.ProtoTest"/>
  <testcase name="clickAddSpecimen" time="3.173" classname="nl.naturalis.selenium.crs.tests.ProtoTest"/>
  <testcase name="smallDelay" time="1.418" classname="nl.naturalis.selenium.crs.tests.ProtoTest"/>
  <testcase name="checkStorageLocationsPageing" time="7.549" classname="nl.naturalis.selenium.crs.tests.ProtoTest"/>
  <testcase name="selectSpecifiedForm" time="0.263" classname="nl.naturalis.selenium.crs.tests.ProtoTest"/>
  <testcase name="checkAutosuggestStorageUnit" time="0.543" classname="nl.naturalis.selenium.crs.tests.ProtoTest"/>
</testsuite> <!-- nl.naturalis.selenium.crs.tests.ProtoTest -->
