<?xml version="1.0" encoding="UTF-8"?>
<!-- Generated by org.testng.reporters.JUnitReportReporter -->
<testsuite hostname="LT005461" name="nl.naturalis.selenium.crs.tests.Test01" tests="14" failures="0" timestamp="21 Oct 2016 11:48:29 GMT" time="6.393" errors="0">
  <testcase name="detailPageTitle" time="0.016" classname="nl.naturalis.selenium.crs.tests.Test01"/>
  <testcase name="detailPageOpen" time="2.884" classname="nl.naturalis.selenium.crs.tests.Test01"/>
  <testcase name="homePageScriptSupport" time="0.096" classname="nl.naturalis.selenium.crs.tests.Test01"/>
  <testcase name="homePageTitle" time="0.010" classname="nl.naturalis.selenium.crs.tests.Test01"/>
  <testcase name="startPageTitle" time="0.005" classname="nl.naturalis.selenium.crs.tests.Test01"/>
  <testcase name="unallowedPageMouseToLogOff" time="0.155" classname="nl.naturalis.selenium.crs.tests.Test01"/>
  <testcase name="detailPageNumberOfResults" time="0.075" classname="nl.naturalis.selenium.crs.tests.Test01"/>
  <testcase name="unallowedPageOpen" time="0.063" classname="nl.naturalis.selenium.crs.tests.Test01"/>
  <testcase name="detailPageOpenUnallowed" time="0.637" classname="nl.naturalis.selenium.crs.tests.Test01"/>
  <testcase name="homePageLoginElements" time="0.139" classname="nl.naturalis.selenium.crs.tests.Test01"/>
  <testcase name="checkStartPageMenus" time="0.520" classname="nl.naturalis.selenium.crs.tests.Test01"/>
  <testcase name="homePageDoLogin" time="1.309" classname="nl.naturalis.selenium.crs.tests.Test01"/>
  <testcase name="logOff" time="0.464" classname="nl.naturalis.selenium.crs.tests.Test01"/>
  <testcase name="homePageOpen" time="0.020" classname="nl.naturalis.selenium.crs.tests.Test01"/>
</testsuite> <!-- nl.naturalis.selenium.crs.tests.Test01 -->
