<?xml version="1.0" encoding="UTF-8"?>
<!-- Generated by org.testng.reporters.JUnitReportReporter -->
<testsuite hostname="LT005461" name="nl.naturalis.selenium.crs.tests.ProtoTest" tests="12" failures="0" timestamp="6 Dec 2016 13:59:17 GMT" time="14.740" errors="0">
  <testcase name="homePageOpen" time="0.030" classname="nl.naturalis.selenium.crs.tests.ProtoTest"/>
  <testcase name="openFormSelect" time="0.276" classname="nl.naturalis.selenium.crs.tests.ProtoTest"/>
  <testcase name="selectSpecifiedForm" time="0.295" classname="nl.naturalis.selenium.crs.tests.ProtoTest"/>
  <testcase name="checkCreateRegistrationNumberWithE" time="0.688" classname="nl.naturalis.selenium.crs.tests.ProtoTest"/>
  <testcase name="startPageTitle" time="0.020" classname="nl.naturalis.selenium.crs.tests.ProtoTest"/>
  <testcase name="checkRegistrationNumber" time="3.780" classname="nl.naturalis.selenium.crs.tests.ProtoTest"/>
  <testcase name="checkSuffix" time="3.252" classname="nl.naturalis.selenium.crs.tests.ProtoTest"/>
  <testcase name="checkEnterRegistrationNumberWithE" time="0.520" classname="nl.naturalis.selenium.crs.tests.ProtoTest"/>
  <testcase name="homePageDoLogin" time="1.345" classname="nl.naturalis.selenium.crs.tests.ProtoTest"/>
  <testcase name="detailPageOpen" time="0.054" classname="nl.naturalis.selenium.crs.tests.ProtoTest"/>
  <testcase name="checkCreateRegistrationNumber" time="1.869" classname="nl.naturalis.selenium.crs.tests.ProtoTest"/>
  <testcase name="clickAddSpecimen" time="2.611" classname="nl.naturalis.selenium.crs.tests.ProtoTest"/>
</testsuite> <!-- nl.naturalis.selenium.crs.tests.ProtoTest -->
