<?xml version="1.0" encoding="UTF-8"?>
<!-- Generated by org.testng.reporters.JUnitReportReporter -->
<testsuite hostname="LT005461" name="nl.naturalis.selenium.crs.tests.ProtoTest" tests="13" failures="0" timestamp="9 Dec 2016 14:40:41 GMT" time="15.346" errors="0">
  <testcase name="detailPageOpen" time="0.048" classname="nl.naturalis.selenium.crs.tests.ProtoTest"/>
  <testcase name="checkAutosuggestStorageLocation" time="0.678" classname="nl.naturalis.selenium.crs.tests.ProtoTest"/>
  <testcase name="checkIllegalValuesStorageUnit" time="2.374" classname="nl.naturalis.selenium.crs.tests.ProtoTest"/>
  <testcase name="homePageOpen" time="0.025" classname="nl.naturalis.selenium.crs.tests.ProtoTest"/>
  <testcase name="smallDelay" time="1.412" classname="nl.naturalis.selenium.crs.tests.ProtoTest"/>
  <testcase name="openFormSelect" time="0.315" classname="nl.naturalis.selenium.crs.tests.ProtoTest"/>
  <testcase name="startPageTitle" time="0.008" classname="nl.naturalis.selenium.crs.tests.ProtoTest"/>
  <testcase name="checkEnterStorageUnits" time="3.863" classname="nl.naturalis.selenium.crs.tests.ProtoTest"/>
  <testcase name="clickAddSpecimen" time="2.820" classname="nl.naturalis.selenium.crs.tests.ProtoTest"/>
  <testcase name="checkAutosuggestStorageUnit" time="0.540" classname="nl.naturalis.selenium.crs.tests.ProtoTest"/>
  <testcase name="checkIllegalValuesStorageLocations" time="1.788" classname="nl.naturalis.selenium.crs.tests.ProtoTest"/>
  <testcase name="homePageDoLogin" time="1.202" classname="nl.naturalis.selenium.crs.tests.ProtoTest"/>
  <testcase name="selectSpecifiedForm" time="0.273" classname="nl.naturalis.selenium.crs.tests.ProtoTest"/>
</testsuite> <!-- nl.naturalis.selenium.crs.tests.ProtoTest -->
