<?xml version="1.0" encoding="UTF-8"?>
<!-- Generated by org.testng.reporters.JUnitReportReporter -->
<testsuite hostname="LT005461" name="nl.naturalis.selenium.crs.tests.ProtoTest" tests="14" failures="0" timestamp="9 Dec 2016 19:36:12 GMT" time="13.084" errors="0">
  <testcase name="checkAutosuggestStorageLocations" time="0.593" classname="nl.naturalis.selenium.crs.tests.ProtoTest"/>
  <testcase name="checkSelectButtonStorageLocations" time="0.408" classname="nl.naturalis.selenium.crs.tests.ProtoTest"/>
  <testcase name="startPageTitle" time="0.004" classname="nl.naturalis.selenium.crs.tests.ProtoTest"/>
  <testcase name="homePageDoLogin" time="1.105" classname="nl.naturalis.selenium.crs.tests.ProtoTest"/>
  <testcase name="openFormSelect" time="0.235" classname="nl.naturalis.selenium.crs.tests.ProtoTest"/>
  <testcase name="checkEnterStorageUnits" time="2.905" classname="nl.naturalis.selenium.crs.tests.ProtoTest"/>
  <testcase name="checkIllegalValuesStorageLocations" time="1.628" classname="nl.naturalis.selenium.crs.tests.ProtoTest"/>
  <testcase name="detailPageOpen" time="0.037" classname="nl.naturalis.selenium.crs.tests.ProtoTest"/>
  <testcase name="checkIllegalValuesStorageUnit" time="1.745" classname="nl.naturalis.selenium.crs.tests.ProtoTest"/>
  <testcase name="homePageOpen" time="0.026" classname="nl.naturalis.selenium.crs.tests.ProtoTest"/>
  <testcase name="clickAddSpecimen" time="2.367" classname="nl.naturalis.selenium.crs.tests.ProtoTest"/>
  <testcase name="smallDelay" time="1.308" classname="nl.naturalis.selenium.crs.tests.ProtoTest"/>
  <testcase name="selectSpecifiedForm" time="0.239" classname="nl.naturalis.selenium.crs.tests.ProtoTest"/>
  <testcase name="checkAutosuggestStorageUnit" time="0.484" classname="nl.naturalis.selenium.crs.tests.ProtoTest"/>
</testsuite> <!-- nl.naturalis.selenium.crs.tests.ProtoTest -->
