<?xml version="1.0" encoding="UTF-8"?>
<!-- Generated by org.testng.reporters.JUnitReportReporter -->
<testsuite hostname="LT005461" name="nl.naturalis.selenium.crs.tests.Test02" tests="29" failures="0" timestamp="2 Dec 2016 13:16:59 GMT" time="37.690" errors="0">
  <testcase name="checkTextEntryBasisOfRecord" time="1.394" classname="nl.naturalis.selenium.crs.tests.Test02"/>
  <testcase name="detailPageOpen" time="0.033" classname="nl.naturalis.selenium.crs.tests.Test02"/>
  <testcase name="homePageOpen" time="0.017" classname="nl.naturalis.selenium.crs.tests.Test02"/>
  <testcase name="checkIncorrectSubmissionValueTest3A" time="1.291" classname="nl.naturalis.selenium.crs.tests.Test02"/>
  <testcase name="checkTextEntryMount" time="1.409" classname="nl.naturalis.selenium.crs.tests.Test02"/>
  <testcase name="checkIncorrectSubmissionValueTest1B" time="1.788" classname="nl.naturalis.selenium.crs.tests.Test02"/>
  <testcase name="checkIconInfo" time="2.522" classname="nl.naturalis.selenium.crs.tests.Test02"/>
  <testcase name="checkTextEntryCurrentCollectionName" time="1.457" classname="nl.naturalis.selenium.crs.tests.Test02"/>
  <testcase name="homePageDoLogin" time="1.374" classname="nl.naturalis.selenium.crs.tests.Test02"/>
  <testcase name="selectSpecifiedForm" time="0.253" classname="nl.naturalis.selenium.crs.tests.Test02"/>
  <testcase name="checkTextEntryPreservedPart" time="1.391" classname="nl.naturalis.selenium.crs.tests.Test02"/>
  <testcase name="checkIncorrectSubmissionValueTest4A" time="1.232" classname="nl.naturalis.selenium.crs.tests.Test02"/>
  <testcase name="checkIncorrectSubmissionValueTest4C" time="1.141" classname="nl.naturalis.selenium.crs.tests.Test02"/>
  <testcase name="clickAddSpecimen" time="3.230" classname="nl.naturalis.selenium.crs.tests.Test02"/>
  <testcase name="checkIncorrectSubmissionValueTest4B" time="1.750" classname="nl.naturalis.selenium.crs.tests.Test02"/>
  <testcase name="checkIncorrectSubmissionValueTest2A" time="1.254" classname="nl.naturalis.selenium.crs.tests.Test02"/>
  <testcase name="checkPrefix" time="2.141" classname="nl.naturalis.selenium.crs.tests.Test02"/>
  <testcase name="checkNumber" time="0.128" classname="nl.naturalis.selenium.crs.tests.Test02"/>
  <testcase name="checkThesaurusAndBinIcons" time="2.893" classname="nl.naturalis.selenium.crs.tests.Test02"/>
  <testcase name="checkContextDisplay" time="2.200" classname="nl.naturalis.selenium.crs.tests.Test02"/>
  <testcase name="startPageTitle" time="0.007" classname="nl.naturalis.selenium.crs.tests.Test02"/>
  <testcase name="checkIncorrectSubmissionValueTest1C" time="1.110" classname="nl.naturalis.selenium.crs.tests.Test02"/>
  <testcase name="checkSuffix" time="0.245" classname="nl.naturalis.selenium.crs.tests.Test02"/>
  <testcase name="openFormSelect" time="0.390" classname="nl.naturalis.selenium.crs.tests.Test02"/>
  <testcase name="checkIncorrectSubmissionValueTest1A" time="1.264" classname="nl.naturalis.selenium.crs.tests.Test02"/>
  <testcase name="checkIncorrectSubmissionValueTest2C" time="1.183" classname="nl.naturalis.selenium.crs.tests.Test02"/>
  <testcase name="checkIncorrectSubmissionValueTest2B" time="1.749" classname="nl.naturalis.selenium.crs.tests.Test02"/>
  <testcase name="checkIncorrectSubmissionValueTest3B" time="1.732" classname="nl.naturalis.selenium.crs.tests.Test02"/>
  <testcase name="checkIncorrectSubmissionValueTest3C" time="1.112" classname="nl.naturalis.selenium.crs.tests.Test02"/>
</testsuite> <!-- nl.naturalis.selenium.crs.tests.Test02 -->
