<?xml version="1.0" encoding="UTF-8"?>
<!-- Generated by org.testng.reporters.JUnitReportReporter -->
<testsuite hostname="LT005461" name="nl.naturalis.selenium.crs.tests.ProtoTest" tests="11" failures="0" timestamp="9 Dec 2016 13:06:36 GMT" time="11.603" errors="0">
  <testcase name="homePageOpen" time="0.017" classname="nl.naturalis.selenium.crs.tests.ProtoTest"/>
  <testcase name="smallDelay" time="1.400" classname="nl.naturalis.selenium.crs.tests.ProtoTest"/>
  <testcase name="checkEnterStorageUnits" time="3.455" classname="nl.naturalis.selenium.crs.tests.ProtoTest"/>
  <testcase name="openFormSelect" time="0.270" classname="nl.naturalis.selenium.crs.tests.ProtoTest"/>
  <testcase name="checkAutosuggestStorageUnit" time="0.518" classname="nl.naturalis.selenium.crs.tests.ProtoTest"/>
  <testcase name="selectSpecifiedForm" time="0.258" classname="nl.naturalis.selenium.crs.tests.ProtoTest"/>
  <testcase name="startPageTitle" time="0.019" classname="nl.naturalis.selenium.crs.tests.ProtoTest"/>
  <testcase name="homePageDoLogin" time="1.339" classname="nl.naturalis.selenium.crs.tests.ProtoTest"/>
  <testcase name="detailPageOpen" time="0.036" classname="nl.naturalis.selenium.crs.tests.ProtoTest"/>
  <testcase name="checkIllegalValuesStorageUnit" time="1.745" classname="nl.naturalis.selenium.crs.tests.ProtoTest"/>
  <testcase name="clickAddSpecimen" time="2.546" classname="nl.naturalis.selenium.crs.tests.ProtoTest"/>
</testsuite> <!-- nl.naturalis.selenium.crs.tests.ProtoTest -->
